2026-03-26 23:41:20,511 INFO o.a.j.u.JMeterUtils: Setting Locale to en_EN
2026-03-26 23:41:20,524 INFO o.a.j.JMeter: Loading user properties from: /home/dred/apache-jmeter-5.6.3/bin/user.properties
2026-03-26 23:41:20,524 INFO o.a.j.JMeter: Loading system properties from: /home/dred/apache-jmeter-5.6.3/bin/system.properties
2026-03-26 23:41:20,528 INFO o.a.j.JMeter: Copyright (c) 1998-2024 The Apache Software Foundation
2026-03-26 23:41:20,528 INFO o.a.j.JMeter: Version 5.6.3
2026-03-26 23:41:20,528 INFO o.a.j.JMeter: java.version=17.0.18
2026-03-26 23:41:20,528 INFO o.a.j.JMeter: java.vm.name=OpenJDK 64-Bit Server VM
2026-03-26 23:41:20,528 INFO o.a.j.JMeter: os.name=Linux
2026-03-26 23:41:20,528 INFO o.a.j.JMeter: os.arch=amd64
2026-03-26 23:41:20,528 INFO o.a.j.JMeter: os.version=6.8.0-106-generic
2026-03-26 23:41:20,528 INFO o.a.j.JMeter: file.encoding=UTF-8
2026-03-26 23:41:20,529 INFO o.a.j.JMeter: java.awt.headless=true
2026-03-26 23:41:20,529 INFO o.a.j.JMeter: Max memory     =1073741824
2026-03-26 23:41:20,529 INFO o.a.j.JMeter: Available Processors =12
2026-03-26 23:41:20,535 INFO o.a.j.JMeter: Default Locale=English (EN)
2026-03-26 23:41:20,535 INFO o.a.j.JMeter: JMeter  Locale=English (EN)
2026-03-26 23:41:20,535 INFO o.a.j.JMeter: JMeterHome=/home/dred/apache-jmeter-5.6.3
2026-03-26 23:41:20,535 INFO o.a.j.JMeter: user.dir  =/home/dred/CursorProjects/issue_tz
2026-03-26 23:41:20,535 INFO o.a.j.JMeter: PWD       =/home/dred/CursorProjects/issue_tz
2026-03-26 23:41:20,536 INFO o.a.j.JMeter: IP: 127.0.1.1 Name: dred-HYM-WXX FullName: dred-HYM-WXX
2026-03-26 23:41:20,543 INFO o.a.j.JMeter: Setting property 'jmeter.reportgenerator.outputdir' to:'/home/dred/CursorProjects/issue_tz/report'
2026-03-26 23:41:20,545 INFO o.a.j.s.FileServer: Default base='/home/dred/CursorProjects/issue_tz'
2026-03-26 23:41:20,546 INFO o.a.j.s.FileServer: Set new base='/home/dred/CursorProjects/issue_tz'
2026-03-26 23:41:20,661 INFO o.a.j.s.SaveService: Testplan (JMX) version: 2.2. Testlog (JTL) version: 2.2
2026-03-26 23:41:20,678 INFO o.a.j.s.SaveService: Using SaveService properties version 5.0
2026-03-26 23:41:20,680 INFO o.a.j.s.SaveService: Using SaveService properties file encoding UTF-8
2026-03-26 23:41:20,682 INFO o.a.j.s.SaveService: Loading file: kafka-load-test.jmx
2026-03-26 23:41:20,738 INFO o.a.j.s.SampleResult: Note: Sample TimeStamps are START times
2026-03-26 23:41:20,738 INFO o.a.j.s.SampleResult: sampleresult.default.encoding is set to UTF-8
2026-03-26 23:41:20,738 INFO o.a.j.s.SampleResult: sampleresult.useNanoTime=true
2026-03-26 23:41:20,738 INFO o.a.j.s.SampleResult: sampleresult.nanoThreadSleep=5000
2026-03-26 23:41:20,746 INFO o.a.j.JMeter: Creating summariser <summary>
2026-03-26 23:41:20,749 INFO o.a.j.r.d.ReportGenerator: ReportGenerator will use for Parsing the separator: ','
2026-03-26 23:41:20,749 INFO o.a.j.r.d.ReportGenerator: Will generate report at end of test from  results file: results.jtl
2026-03-26 23:41:20,749 INFO o.a.j.r.d.ReportGenerator: Reading report generator properties from: /home/dred/apache-jmeter-5.6.3/bin/reportgenerator.properties
2026-03-26 23:41:20,750 INFO o.a.j.r.d.ReportGenerator: Merging with JMeter properties
2026-03-26 23:41:20,753 INFO o.a.j.r.c.ReportGeneratorConfiguration: Property 'jmeter.reportgenerator.temp_dir' not found, using default value 'temp' instead.
2026-03-26 23:41:20,754 INFO o.a.j.r.c.ReportGeneratorConfiguration: Property 'jmeter.reportgenerator.apdex_per_transaction' not found, using default value 'null' instead.
2026-03-26 23:41:20,755 INFO o.a.j.r.c.ReportGeneratorConfiguration: apdex_per_transaction is empty, not APDEX per transaction customization
2026-03-26 23:41:20,755 INFO o.a.j.r.c.ReportGeneratorConfiguration: Property 'jmeter.reportgenerator.sample_filter' not found, using default value 'null' instead.
2026-03-26 23:41:20,755 INFO o.a.j.r.c.ReportGeneratorConfiguration: Property 'jmeter.reportgenerator.report_title' not found, using default value 'null' instead.
2026-03-26 23:41:20,755 INFO o.a.j.r.c.ReportGeneratorConfiguration: Property 'jmeter.reportgenerator.start_date' not found, using default value 'null' instead.
2026-03-26 23:41:20,755 INFO o.a.j.r.c.ReportGeneratorConfiguration: Property 'jmeter.reportgenerator.end_date' not found, using default value 'null' instead.
2026-03-26 23:41:20,755 INFO o.a.j.r.c.ReportGeneratorConfiguration: Property 'jmeter.reportgenerator.date_format' not found, using default value 'null' instead.
2026-03-26 23:41:20,755 INFO o.a.j.r.c.ReportGeneratorConfiguration: Will use date range start date: null, end date: null
2026-03-26 23:41:20,758 INFO o.a.j.r.c.ReportGeneratorConfiguration: Property 'jmeter.reportgenerator.graph.totalTPS.exclude_controllers' not found, using default value 'false' instead.
2026-03-26 23:41:20,758 INFO o.a.j.r.c.ReportGeneratorConfiguration: Property 'jmeter.reportgenerator.graph.activeThreadsOverTime.exclude_controllers' not found, using default value 'false' instead.
2026-03-26 23:41:20,758 INFO o.a.j.r.c.ReportGeneratorConfiguration: Property 'jmeter.reportgenerator.graph.timeVsThreads.exclude_controllers' not found, using default value 'false' instead.
2026-03-26 23:41:20,758 INFO o.a.j.r.c.ReportGeneratorConfiguration: Property 'jmeter.reportgenerator.graph.responseTimeDistribution.exclude_controllers' not found, using default value 'false' instead.
2026-03-26 23:41:20,758 INFO o.a.j.r.c.ReportGeneratorConfiguration: Property 'jmeter.reportgenerator.graph.transactionsPerSecond.exclude_controllers' not found, using default value 'false' instead.
2026-03-26 23:41:20,758 INFO o.a.j.r.c.ReportGeneratorConfiguration: Property 'jmeter.reportgenerator.graph.responseTimePercentiles.exclude_controllers' not found, using default value 'false' instead.
2026-03-26 23:41:20,758 INFO o.a.j.r.c.ReportGeneratorConfiguration: Property 'jmeter.reportgenerator.graph.responseTimePercentilesOverTime.exclude_controllers' not found, using default value 'false' instead.
2026-03-26 23:41:20,758 INFO o.a.j.r.c.ReportGeneratorConfiguration: Property 'jmeter.reportgenerator.graph.responseTimesOverTime.exclude_controllers' not found, using default value 'false' instead.
2026-03-26 23:41:20,758 INFO o.a.j.r.c.ReportGeneratorConfiguration: Property 'jmeter.reportgenerator.graph.connectTimeOverTime.exclude_controllers' not found, using default value 'false' instead.
2026-03-26 23:41:20,759 INFO o.a.j.r.c.ReportGeneratorConfiguration: Property 'jmeter.reportgenerator.graph.latenciesOverTime.exclude_controllers' not found, using default value 'false' instead.
2026-03-26 23:41:20,759 INFO o.a.j.r.c.ReportGeneratorConfiguration: Property 'jmeter.reportgenerator.exporter.json.filters_only_sample_series' not found, using default value 'true' instead.
2026-03-26 23:41:20,759 INFO o.a.j.r.c.ReportGeneratorConfiguration: Property 'jmeter.reportgenerator.exporter.json.series_filter' not found, using default value '' instead.
2026-03-26 23:41:20,759 INFO o.a.j.r.c.ReportGeneratorConfiguration: Property 'jmeter.reportgenerator.exporter.json.show_controllers_only' not found, using default value 'false' instead.
2026-03-26 23:41:20,759 INFO o.a.j.r.c.ReportGeneratorConfiguration: Property 'jmeter.reportgenerator.exporter.html.filters_only_sample_series' not found, using default value 'true' instead.
2026-03-26 23:41:20,760 INFO o.a.j.r.c.ReportGeneratorConfiguration: Property 'jmeter.reportgenerator.exporter.html.series_filter' not found, using default value '' instead.
2026-03-26 23:41:20,760 INFO o.a.j.r.c.ReportGeneratorConfiguration: Property 'jmeter.reportgenerator.exporter.html.show_controllers_only' not found, using default value 'false' instead.
2026-03-26 23:41:20,767 INFO o.a.j.e.StandardJMeterEngine: Running the test!
2026-03-26 23:41:20,768 INFO o.a.j.s.SampleEvent: List of sample_variables: []
2026-03-26 23:41:20,768 INFO o.a.j.s.SampleEvent: List of sample_variables: []
2026-03-26 23:41:20,772 INFO o.a.j.e.u.CompoundVariable: Note: Function class names must contain the string: '.functions.'
2026-03-26 23:41:20,772 INFO o.a.j.e.u.CompoundVariable: Note: Function class names must not contain the string: '.gui.'
2026-03-26 23:41:20,800 INFO o.a.j.r.ClassFinder: Will scan jar /home/dred/apache-jmeter-5.6.3/lib/ext/jmeter-plugins-casutg-3.1.1.jar with filter ExtendsClassFilter [parents=[interface org.apache.jmeter.functions.Function], inner=false, contains=null, notContains=null]. Consider exposing JMeter plugins via META-INF/services, and add JMeter-Skip-Class-Scanning=true manifest attribute so JMeter can skip classfile scanning
2026-03-26 23:41:20,806 INFO o.a.j.r.ClassFinder: Will scan jar /home/dred/apache-jmeter-5.6.3/lib/ext/plugins-manager.jar with filter ExtendsClassFilter [parents=[interface org.apache.jmeter.functions.Function], inner=false, contains=null, notContains=null]. Consider exposing JMeter plugins via META-INF/services, and add JMeter-Skip-Class-Scanning=true manifest attribute so JMeter can skip classfile scanning
2026-03-26 23:41:20,856 INFO o.a.j.r.ClassFinder: Will scan jar /home/dred/apache-jmeter-5.6.3/lib/ext/jmeter-plugins-tst-2.6.jar with filter ExtendsClassFilter [parents=[interface org.apache.jmeter.functions.Function], inner=false, contains=null, notContains=null]. Consider exposing JMeter plugins via META-INF/services, and add JMeter-Skip-Class-Scanning=true manifest attribute so JMeter can skip classfile scanning
2026-03-26 23:41:20,857 INFO o.a.j.r.ClassFinder: Will scan jar /home/dred/apache-jmeter-5.6.3/lib/ext/jmeter-studio-oss-1.0.0-SNAPSHOT.jar with filter ExtendsClassFilter [parents=[interface org.apache.jmeter.functions.Function], inner=false, contains=null, notContains=null]. Consider exposing JMeter plugins via META-INF/services, and add JMeter-Skip-Class-Scanning=true manifest attribute so JMeter can skip classfile scanning
2026-03-26 23:41:20,863 INFO o.a.j.r.ClassFinder: Will scan jar /home/dred/apache-jmeter-5.6.3/lib/ext/di-kafkameter-1.3.jar with filter ExtendsClassFilter [parents=[interface org.apache.jmeter.functions.Function], inner=false, contains=null, notContains=null]. Consider exposing JMeter plugins via META-INF/services, and add JMeter-Skip-Class-Scanning=true manifest attribute so JMeter can skip classfile scanning
2026-03-26 23:41:20,867 INFO o.a.j.r.ClassFinder: Will scan jar /home/dred/apache-jmeter-5.6.3/lib/ext/jmeter-plugins-manager-1.11.jar with filter ExtendsClassFilter [parents=[interface org.apache.jmeter.functions.Function], inner=false, contains=null, notContains=null]. Consider exposing JMeter plugins via META-INF/services, and add JMeter-Skip-Class-Scanning=true manifest attribute so JMeter can skip classfile scanning
2026-03-26 23:41:20,902 INFO o.a.k.c.p.ProducerConfig: ProducerConfig values: 
	acks = -1
	auto.include.jmx.reporter = true
	batch.size = 16384
	bootstrap.servers = [localhost:9092]
	buffer.memory = 33554432
	client.dns.lookup = use_all_dns_ips
	client.id = 
	compression.type = none
	connections.max.idle.ms = 540000
	delivery.timeout.ms = 120000
	enable.idempotence = true
	interceptor.classes = []
	key.serializer = class org.apache.kafka.common.serialization.StringSerializer
	linger.ms = 0
	max.block.ms = 60000
	max.in.flight.requests.per.connection = 5
	max.request.size = 1048576
	metadata.max.age.ms = 300000
	metadata.max.idle.ms = 300000
	metric.reporters = []
	metrics.num.samples = 2
	metrics.recording.level = INFO
	metrics.sample.window.ms = 30000
	partitioner.adaptive.partitioning.enable = true
	partitioner.availability.timeout.ms = 0
	partitioner.class = null
	partitioner.ignore.keys = false
	receive.buffer.bytes = 32768
	reconnect.backoff.max.ms = 1000
	reconnect.backoff.ms = 50
	request.timeout.ms = 30000
	retries = 2147483647
	retry.backoff.ms = 100
	sasl.client.callback.handler.class = null
	sasl.jaas.config = null
	sasl.kerberos.kinit.cmd = /usr/bin/kinit
	sasl.kerberos.min.time.before.relogin = 60000
	sasl.kerberos.service.name = null
	sasl.kerberos.ticket.renew.jitter = 0.05
	sasl.kerberos.ticket.renew.window.factor = 0.8
	sasl.login.callback.handler.class = null
	sasl.login.class = null
	sasl.login.connect.timeout.ms = null
	sasl.login.read.timeout.ms = null
	sasl.login.refresh.buffer.seconds = 300
	sasl.login.refresh.min.period.seconds = 60
	sasl.login.refresh.window.factor = 0.8
	sasl.login.refresh.window.jitter = 0.05
	sasl.login.retry.backoff.max.ms = 10000
	sasl.login.retry.backoff.ms = 100
	sasl.mechanism = GSSAPI
	sasl.oauthbearer.clock.skew.seconds = 30
	sasl.oauthbearer.expected.audience = null
	sasl.oauthbearer.expected.issuer = null
	sasl.oauthbearer.jwks.endpoint.refresh.ms = 3600000
	sasl.oauthbearer.jwks.endpoint.retry.backoff.max.ms = 10000
	sasl.oauthbearer.jwks.endpoint.retry.backoff.ms = 100
	sasl.oauthbearer.jwks.endpoint.url = null
	sasl.oauthbearer.scope.claim.name = scope
	sasl.oauthbearer.sub.claim.name = sub
	sasl.oauthbearer.token.endpoint.url = null
	security.protocol = PLAINTEXT
	security.providers = null
	send.buffer.bytes = 131072
	socket.connection.setup.timeout.max.ms = 30000
	socket.connection.setup.timeout.ms = 10000
	ssl.cipher.suites = null
	ssl.enabled.protocols = [TLSv1.2, TLSv1.3]
	ssl.endpoint.identification.algorithm = https
	ssl.engine.factory.class = null
	ssl.key.password = null
	ssl.keymanager.algorithm = SunX509
	ssl.keystore.certificate.chain = null
	ssl.keystore.key = null
	ssl.keystore.location = null
	ssl.keystore.password = null
	ssl.keystore.type = JKS
	ssl.protocol = TLSv1.3
	ssl.provider = null
	ssl.secure.random.implementation = null
	ssl.trustmanager.algorithm = PKIX
	ssl.truststore.certificates = null
	ssl.truststore.location = null
	ssl.truststore.password = null
	ssl.truststore.type = JKS
	transaction.timeout.ms = 60000
	transactional.id = null
	value.serializer = class org.apache.kafka.common.serialization.StringSerializer

2026-03-26 23:41:20,915 INFO o.a.k.c.p.KafkaProducer: [Producer clientId=] Instantiated an idempotent producer.
2026-03-26 23:41:20,940 INFO o.a.k.c.u.AppInfoParser: Kafka version: 3.5.0
2026-03-26 23:41:20,940 INFO o.a.k.c.u.AppInfoParser: Kafka commitId: c97b88d5db4de28d
2026-03-26 23:41:20,940 INFO o.a.k.c.u.AppInfoParser: Kafka startTimeMs: 1774557680938
2026-03-26 23:41:20,942 INFO c.d.j.k.c.KafkaProducerConfig: Kafka Producer client successfully Initialized
2026-03-26 23:41:21,119 INFO o.a.j.v.b.BackendListener: InfluxDB Backend Listener: Starting worker with class: class org.apache.jmeter.visualizers.backend.influxdb.InfluxdbBackendListenerClient and queue capacity: 5000
2026-03-26 23:41:21,120 INFO o.a.j.v.b.BackendListener: InfluxDB Backend Listener: Started  worker with class: class org.apache.jmeter.visualizers.backend.influxdb.InfluxdbBackendListenerClient
2026-03-26 23:41:21,153 INFO o.a.k.c.Metadata: [Producer clientId=] Cluster ID: TZhSrQmgSqibejv2-JWrdQ
2026-03-26 23:41:21,154 INFO o.a.k.c.p.i.TransactionManager: [Producer clientId=] ProducerId set to 2002 with epoch 0
2026-03-26 23:41:21,243 INFO o.a.j.JMeter: Running test (1774557681243)
2026-03-26 23:41:21,258 INFO o.a.j.e.StandardJMeterEngine: Starting ThreadGroup: 1 : Concurrency Thread Group - Kafka Load
2026-03-26 23:41:21,258 INFO o.a.j.e.StandardJMeterEngine: Starting 20 threads for group Concurrency Thread Group - Kafka Load.
2026-03-26 23:41:21,258 INFO o.a.j.e.StandardJMeterEngine: Thread will continue on error
2026-03-26 23:41:21,260 INFO o.a.j.e.StandardJMeterEngine: All thread groups have been started
2026-03-26 23:41:21,260 INFO c.b.j.t.c.ConcurrencyThreadStarter: Start supplying threads
2026-03-26 23:41:21,264 INFO o.a.j.t.JMeterThread: Thread started: Concurrency Thread Group - Kafka Load-ThreadStarter 1-3
2026-03-26 23:41:21,264 INFO o.a.j.t.JMeterThread: Thread started: Concurrency Thread Group - Kafka Load-ThreadStarter 1-1
2026-03-26 23:41:21,264 INFO o.a.j.t.JMeterThread: Thread started: Concurrency Thread Group - Kafka Load-ThreadStarter 1-4
2026-03-26 23:41:21,264 INFO o.a.j.t.JMeterThread: Thread started: Concurrency Thread Group - Kafka Load-ThreadStarter 1-2
2026-03-26 23:41:21,264 INFO o.a.j.t.JMeterThread: Thread started: Concurrency Thread Group - Kafka Load-ThreadStarter 1-5
2026-03-26 23:41:21,264 INFO o.a.j.t.JMeterThread: Thread started: Concurrency Thread Group - Kafka Load-ThreadStarter 1-6
2026-03-26 23:41:21,265 INFO o.a.j.t.JMeterThread: Thread started: Concurrency Thread Group - Kafka Load-ThreadStarter 1-7
2026-03-26 23:41:21,265 INFO o.a.j.t.JMeterThread: Thread started: Concurrency Thread Group - Kafka Load-ThreadStarter 1-8
2026-03-26 23:41:21,265 INFO o.a.j.t.JMeterThread: Thread started: Concurrency Thread Group - Kafka Load-ThreadStarter 1-9
2026-03-26 23:41:21,266 INFO o.a.j.t.JMeterThread: Thread started: Concurrency Thread Group - Kafka Load-ThreadStarter 1-10
2026-03-26 23:41:21,266 INFO o.a.j.t.JMeterThread: Thread started: Concurrency Thread Group - Kafka Load-ThreadStarter 1-11
2026-03-26 23:41:21,266 INFO o.a.j.t.JMeterThread: Thread started: Concurrency Thread Group - Kafka Load-ThreadStarter 1-12
2026-03-26 23:41:21,267 INFO o.a.j.t.JMeterThread: Thread started: Concurrency Thread Group - Kafka Load-ThreadStarter 1-13
2026-03-26 23:41:21,268 INFO o.a.j.t.JMeterThread: Thread started: Concurrency Thread Group - Kafka Load-ThreadStarter 1-14
2026-03-26 23:41:21,268 INFO o.a.j.t.JMeterThread: Thread started: Concurrency Thread Group - Kafka Load-ThreadStarter 1-15
2026-03-26 23:41:21,268 INFO o.a.j.t.JMeterThread: Thread started: Concurrency Thread Group - Kafka Load-ThreadStarter 1-16
2026-03-26 23:41:21,269 INFO o.a.j.t.JMeterThread: Thread started: Concurrency Thread Group - Kafka Load-ThreadStarter 1-17
2026-03-26 23:41:21,269 INFO o.a.j.t.JMeterThread: Thread started: Concurrency Thread Group - Kafka Load-ThreadStarter 1-18
2026-03-26 23:41:21,269 INFO o.a.j.t.JMeterThread: Thread started: Concurrency Thread Group - Kafka Load-ThreadStarter 1-19
2026-03-26 23:41:21,269 INFO o.a.j.t.JMeterThread: Thread started: Concurrency Thread Group - Kafka Load-ThreadStarter 1-20
2026-03-26 23:41:21,726 WARN k.a.j.t.VariableThroughputTimer: No free threads available in current Thread Group Concurrency Thread Group - Kafka Load, made 0 samples/s for expected rps 5.0 samples/s, increase your number of threads
2026-03-26 23:41:30,135 INFO o.a.j.r.Summariser: summary +     36 in 00:00:09 =    4.0/s Avg:     4 Min:     1 Max:    29 Err:     0 (0.00%) Active: 20 Started: 20 Finished: 0
2026-03-26 23:42:00,160 INFO o.a.j.r.Summariser: summary +     98 in 00:00:30 =    3.3/s Avg:     1 Min:     1 Max:     2 Err:     0 (0.00%) Active: 20 Started: 20 Finished: 0
2026-03-26 23:42:00,160 INFO o.a.j.r.Summariser: summary =    134 in 00:00:39 =    3.4/s Avg:     2 Min:     1 Max:    29 Err:     0 (0.00%)
2026-03-26 23:42:30,186 INFO o.a.j.r.Summariser: summary +     97 in 00:00:30 =    3.2/s Avg:     1 Min:     1 Max:     2 Err:     0 (0.00%) Active: 20 Started: 20 Finished: 0
2026-03-26 23:42:30,187 INFO o.a.j.r.Summariser: summary =    231 in 00:01:09 =    3.4/s Avg:     1 Min:     1 Max:    29 Err:     0 (0.00%)
2026-03-26 23:43:00,198 INFO o.a.j.r.Summariser: summary +    101 in 00:00:30 =    3.4/s Avg:     1 Min:     0 Max:     2 Err:     0 (0.00%) Active: 20 Started: 20 Finished: 0
2026-03-26 23:43:00,199 INFO o.a.j.r.Summariser: summary =    332 in 00:01:39 =    3.4/s Avg:     1 Min:     0 Max:    29 Err:     0 (0.00%)
2026-03-26 23:43:30,023 INFO o.a.j.r.Summariser: summary +     92 in 00:00:30 =    3.1/s Avg:     1 Min:     0 Max:     3 Err:     0 (0.00%) Active: 20 Started: 20 Finished: 0
2026-03-26 23:43:30,024 INFO o.a.j.r.Summariser: summary =    424 in 00:02:09 =    3.3/s Avg:     1 Min:     0 Max:    29 Err:     0 (0.00%)
2026-03-26 23:44:00,041 INFO o.a.j.r.Summariser: summary +     88 in 00:00:30 =    2.9/s Avg:     1 Min:     0 Max:     2 Err:     0 (0.00%) Active: 20 Started: 20 Finished: 0
2026-03-26 23:44:00,041 INFO o.a.j.r.Summariser: summary =    512 in 00:02:39 =    3.2/s Avg:     1 Min:     0 Max:    29 Err:     0 (0.00%)
2026-03-26 23:44:30,062 INFO o.a.j.r.Summariser: summary +     92 in 00:00:30 =    3.1/s Avg:     0 Min:     0 Max:     2 Err:     0 (0.00%) Active: 20 Started: 20 Finished: 0
2026-03-26 23:44:30,062 INFO o.a.j.r.Summariser: summary =    604 in 00:03:09 =    3.2/s Avg:     1 Min:     0 Max:    29 Err:     0 (0.00%)
2026-03-26 23:45:00,080 INFO o.a.j.r.Summariser: summary +     88 in 00:00:30 =    2.9/s Avg:     1 Min:     0 Max:     2 Err:     0 (0.00%) Active: 20 Started: 20 Finished: 0
2026-03-26 23:45:00,080 INFO o.a.j.r.Summariser: summary =    692 in 00:03:39 =    3.2/s Avg:     1 Min:     0 Max:    29 Err:     0 (0.00%)
2026-03-26 23:45:30,099 INFO o.a.j.r.Summariser: summary +     92 in 00:00:30 =    3.1/s Avg:     0 Min:     0 Max:     2 Err:     0 (0.00%) Active: 20 Started: 20 Finished: 0
2026-03-26 23:45:30,099 INFO o.a.j.r.Summariser: summary =    784 in 00:04:09 =    3.2/s Avg:     1 Min:     0 Max:    29 Err:     0 (0.00%)
2026-03-26 23:46:00,117 INFO o.a.j.r.Summariser: summary +     88 in 00:00:30 =    2.9/s Avg:     0 Min:     0 Max:     2 Err:     0 (0.00%) Active: 20 Started: 20 Finished: 0
2026-03-26 23:46:00,117 INFO o.a.j.r.Summariser: summary =    872 in 00:04:39 =    3.1/s Avg:     1 Min:     0 Max:    29 Err:     0 (0.00%)
2026-03-26 23:46:30,039 INFO o.a.j.r.Summariser: summary +    127 in 00:00:30 =    4.2/s Avg:     0 Min:     0 Max:     2 Err:     0 (0.00%) Active: 20 Started: 20 Finished: 0
2026-03-26 23:46:30,039 INFO o.a.j.r.Summariser: summary =    999 in 00:05:09 =    3.2/s Avg:     1 Min:     0 Max:    29 Err:     0 (0.00%)
2026-03-26 23:47:00,165 INFO o.a.j.r.Summariser: summary +    239 in 00:00:30 =    7.9/s Avg:     0 Min:     0 Max:     4 Err:     0 (0.00%) Active: 20 Started: 20 Finished: 0
2026-03-26 23:47:00,165 INFO o.a.j.r.Summariser: summary =   1238 in 00:05:39 =    3.7/s Avg:     1 Min:     0 Max:    29 Err:     0 (0.00%)
2026-03-26 23:47:30,197 INFO o.a.j.r.Summariser: summary +    240 in 00:00:30 =    8.0/s Avg:     0 Min:     0 Max:     1 Err:     0 (0.00%) Active: 20 Started: 20 Finished: 0
2026-03-26 23:47:30,197 INFO o.a.j.r.Summariser: summary =   1478 in 00:06:09 =    4.0/s Avg:     1 Min:     0 Max:    29 Err:     0 (0.00%)
2026-03-26 23:48:00,126 INFO o.a.j.r.Summariser: summary +    248 in 00:00:30 =    8.3/s Avg:     0 Min:     0 Max:     2 Err:     0 (0.00%) Active: 20 Started: 20 Finished: 0
2026-03-26 23:48:00,126 INFO o.a.j.r.Summariser: summary =   1726 in 00:06:39 =    4.3/s Avg:     0 Min:     0 Max:    29 Err:     0 (0.00%)
2026-03-26 23:48:30,159 INFO o.a.j.r.Summariser: summary +    240 in 00:00:30 =    8.0/s Avg:     0 Min:     0 Max:     1 Err:     0 (0.00%) Active: 20 Started: 20 Finished: 0
2026-03-26 23:48:30,159 INFO o.a.j.r.Summariser: summary =   1966 in 00:07:09 =    4.6/s Avg:     0 Min:     0 Max:    29 Err:     0 (0.00%)
2026-03-26 23:49:00,191 INFO o.a.j.r.Summariser: summary +    240 in 00:00:30 =    8.0/s Avg:     0 Min:     0 Max:     1 Err:     0 (0.00%) Active: 20 Started: 20 Finished: 0
2026-03-26 23:49:00,191 INFO o.a.j.r.Summariser: summary =   2206 in 00:07:39 =    4.8/s Avg:     0 Min:     0 Max:    29 Err:     0 (0.00%)
2026-03-26 23:49:30,117 INFO o.a.j.r.Summariser: summary +    232 in 00:00:30 =    7.8/s Avg:     0 Min:     0 Max:     1 Err:     0 (0.00%) Active: 20 Started: 20 Finished: 0
2026-03-26 23:49:30,117 INFO o.a.j.r.Summariser: summary =   2438 in 00:08:09 =    5.0/s Avg:     0 Min:     0 Max:    29 Err:     0 (0.00%)
2026-03-26 23:50:00,151 INFO o.a.j.r.Summariser: summary +    240 in 00:00:30 =    8.0/s Avg:     0 Min:     0 Max:     2 Err:     0 (0.00%) Active: 20 Started: 20 Finished: 0
2026-03-26 23:50:00,151 INFO o.a.j.r.Summariser: summary =   2678 in 00:08:39 =    5.2/s Avg:     0 Min:     0 Max:    29 Err:     0 (0.00%)
2026-03-26 23:50:21,173 INFO o.a.k.c.NetworkClient: [Producer clientId=] Node -1 disconnected.
2026-03-26 23:50:30,182 INFO o.a.j.r.Summariser: summary +    240 in 00:00:30 =    8.0/s Avg:     0 Min:     0 Max:     4 Err:     0 (0.00%) Active: 20 Started: 20 Finished: 0
2026-03-26 23:50:30,182 INFO o.a.j.r.Summariser: summary =   2918 in 00:09:09 =    5.3/s Avg:     0 Min:     0 Max:    29 Err:     0 (0.00%)
2026-03-26 23:51:00,114 INFO o.a.j.r.Summariser: summary +    251 in 00:00:30 =    8.4/s Avg:     0 Min:     0 Max:     5 Err:     0 (0.00%) Active: 20 Started: 20 Finished: 0
2026-03-26 23:51:00,114 INFO o.a.j.r.Summariser: summary =   3169 in 00:09:39 =    5.5/s Avg:     0 Min:     0 Max:    29 Err:     0 (0.00%)
2026-03-26 23:51:30,026 INFO o.a.j.r.Summariser: summary +    259 in 00:00:30 =    8.7/s Avg:     0 Min:     0 Max:     2 Err:     0 (0.00%) Active: 20 Started: 20 Finished: 0
2026-03-26 23:51:30,027 INFO o.a.j.r.Summariser: summary =   3428 in 00:10:09 =    5.6/s Avg:     0 Min:     0 Max:    29 Err:     0 (0.00%)
2026-03-26 23:52:00,113 INFO o.a.j.r.Summariser: summary +    308 in 00:00:30 =   10.2/s Avg:     0 Min:     0 Max:     1 Err:     0 (0.00%) Active: 20 Started: 20 Finished: 0
2026-03-26 23:52:00,114 INFO o.a.j.r.Summariser: summary =   3736 in 00:10:39 =    5.8/s Avg:     0 Min:     0 Max:    29 Err:     0 (0.00%)
2026-03-26 23:52:30,053 INFO o.a.j.r.Summariser: summary +    307 in 00:00:30 =   10.3/s Avg:     0 Min:     0 Max:     2 Err:     0 (0.00%) Active: 20 Started: 20 Finished: 0
2026-03-26 23:52:30,053 INFO o.a.j.r.Summariser: summary =   4043 in 00:11:09 =    6.0/s Avg:     0 Min:     0 Max:    29 Err:     0 (0.00%)
2026-03-26 23:53:00,076 INFO o.a.j.r.Summariser: summary +    309 in 00:00:30 =   10.3/s Avg:     0 Min:     0 Max:     1 Err:     0 (0.00%) Active: 20 Started: 20 Finished: 0
2026-03-26 23:53:00,077 INFO o.a.j.r.Summariser: summary =   4352 in 00:11:39 =    6.2/s Avg:     0 Min:     0 Max:    29 Err:     0 (0.00%)
2026-03-26 23:53:30,016 INFO o.a.j.r.Summariser: summary +    309 in 00:00:30 =   10.3/s Avg:     0 Min:     0 Max:     7 Err:     0 (0.00%) Active: 20 Started: 20 Finished: 0
2026-03-26 23:53:30,016 INFO o.a.j.r.Summariser: summary =   4661 in 00:12:09 =    6.4/s Avg:     0 Min:     0 Max:    29 Err:     0 (0.00%)
2026-03-26 23:54:00,120 INFO o.a.j.r.Summariser: summary +    308 in 00:00:30 =   10.2/s Avg:     0 Min:     0 Max:     1 Err:     0 (0.00%) Active: 20 Started: 20 Finished: 0
2026-03-26 23:54:00,121 INFO o.a.j.r.Summariser: summary =   4969 in 00:12:39 =    6.5/s Avg:     0 Min:     0 Max:    29 Err:     0 (0.00%)
2026-03-26 23:54:30,059 INFO o.a.j.r.Summariser: summary +    307 in 00:00:30 =   10.3/s Avg:     0 Min:     0 Max:     4 Err:     0 (0.00%) Active: 20 Started: 20 Finished: 0
2026-03-26 23:54:30,059 INFO o.a.j.r.Summariser: summary =   5276 in 00:13:09 =    6.7/s Avg:     0 Min:     0 Max:    29 Err:     0 (0.00%)
2026-03-26 23:55:00,082 INFO o.a.j.r.Summariser: summary +    308 in 00:00:30 =   10.3/s Avg:     0 Min:     0 Max:     1 Err:     0 (0.00%) Active: 20 Started: 20 Finished: 0
2026-03-26 23:55:00,082 INFO o.a.j.r.Summariser: summary =   5584 in 00:13:39 =    6.8/s Avg:     0 Min:     0 Max:    29 Err:     0 (0.00%)
2026-03-26 23:55:30,268 INFO o.a.j.r.Summariser: summary +    350 in 00:00:30 =   11.6/s Avg:     0 Min:     0 Max:     2 Err:     0 (0.00%) Active: 20 Started: 20 Finished: 0
2026-03-26 23:55:30,269 INFO o.a.j.r.Summariser: summary =   5934 in 00:14:09 =    7.0/s Avg:     0 Min:     0 Max:    29 Err:     0 (0.00%)
2026-03-26 23:56:00,287 INFO o.a.j.r.Summariser: summary +    360 in 00:00:30 =   12.0/s Avg:     0 Min:     0 Max:     1 Err:     0 (0.00%) Active: 20 Started: 20 Finished: 0
2026-03-26 23:56:00,288 INFO o.a.j.r.Summariser: summary =   6294 in 00:14:39 =    7.2/s Avg:     0 Min:     0 Max:    29 Err:     0 (0.00%)
2026-03-26 23:56:30,227 INFO o.a.j.r.Summariser: summary +    366 in 00:00:30 =   12.2/s Avg:     0 Min:     0 Max:     9 Err:     0 (0.00%) Active: 20 Started: 20 Finished: 0
2026-03-26 23:56:30,227 INFO o.a.j.r.Summariser: summary =   6660 in 00:15:09 =    7.3/s Avg:     0 Min:     0 Max:    29 Err:     0 (0.00%)
2026-03-26 23:57:00,257 INFO o.a.j.r.Summariser: summary +    400 in 00:00:30 =   13.3/s Avg:     0 Min:     0 Max:     1 Err:     0 (0.00%) Active: 20 Started: 20 Finished: 0
2026-03-26 23:57:00,257 INFO o.a.j.r.Summariser: summary =   7060 in 00:15:39 =    7.5/s Avg:     0 Min:     0 Max:    29 Err:     0 (0.00%)
2026-03-26 23:57:30,147 INFO o.a.j.r.Summariser: summary +    396 in 00:00:30 =   13.2/s Avg:     0 Min:     0 Max:     2 Err:     0 (0.00%) Active: 20 Started: 20 Finished: 0
2026-03-26 23:57:30,147 INFO o.a.j.r.Summariser: summary =   7456 in 00:16:09 =    7.7/s Avg:     0 Min:     0 Max:    29 Err:     0 (0.00%)
2026-03-26 23:58:00,248 INFO o.a.j.r.Summariser: summary +    404 in 00:00:30 =   13.4/s Avg:     0 Min:     0 Max:     2 Err:     0 (0.00%) Active: 20 Started: 20 Finished: 0
2026-03-26 23:58:00,248 INFO o.a.j.r.Summariser: summary =   7860 in 00:16:39 =    7.9/s Avg:     0 Min:     0 Max:    29 Err:     0 (0.00%)
2026-03-26 23:58:30,277 INFO o.a.j.r.Summariser: summary +    405 in 00:00:30 =   13.5/s Avg:     0 Min:     0 Max:     2 Err:     0 (0.00%) Active: 20 Started: 20 Finished: 0
2026-03-26 23:58:30,277 INFO o.a.j.r.Summariser: summary =   8265 in 00:17:09 =    8.0/s Avg:     0 Min:     0 Max:    29 Err:     0 (0.00%)
2026-03-26 23:59:00,158 INFO o.a.j.r.Summariser: summary +    395 in 00:00:30 =   13.2/s Avg:     0 Min:     0 Max:     2 Err:     0 (0.00%) Active: 20 Started: 20 Finished: 0
2026-03-26 23:59:00,158 INFO o.a.j.r.Summariser: summary =   8660 in 00:17:39 =    8.2/s Avg:     0 Min:     0 Max:    29 Err:     0 (0.00%)
2026-03-26 23:59:30,188 INFO o.a.j.r.Summariser: summary +    405 in 00:00:30 =   13.5/s Avg:     0 Min:     0 Max:     4 Err:     0 (0.00%) Active: 20 Started: 20 Finished: 0
2026-03-26 23:59:30,188 INFO o.a.j.r.Summariser: summary =   9065 in 00:18:09 =    8.3/s Avg:     0 Min:     0 Max:    29 Err:     0 (0.00%)
2026-03-27 00:00:00,219 INFO o.a.j.r.Summariser: summary +    406 in 00:00:30 =   13.5/s Avg:     0 Min:     0 Max:     3 Err:     0 (0.00%) Active: 20 Started: 20 Finished: 0
2026-03-27 00:00:00,219 INFO o.a.j.r.Summariser: summary =   9471 in 00:18:39 =    8.5/s Avg:     0 Min:     0 Max:    29 Err:     0 (0.00%)
2026-03-27 00:00:30,242 INFO o.a.j.r.Summariser: summary +    396 in 00:00:30 =   13.2/s Avg:     0 Min:     0 Max:     2 Err:     0 (0.00%) Active: 20 Started: 20 Finished: 0
2026-03-27 00:00:30,242 INFO o.a.j.r.Summariser: summary =   9867 in 00:19:09 =    8.6/s Avg:     0 Min:     0 Max:    29 Err:     0 (0.00%)
2026-03-27 00:01:00,271 INFO o.a.j.r.Summariser: summary +    400 in 00:00:30 =   13.3/s Avg:     0 Min:     0 Max:     2 Err:     0 (0.00%) Active: 20 Started: 20 Finished: 0
2026-03-27 00:01:00,271 INFO o.a.j.r.Summariser: summary =  10267 in 00:19:39 =    8.7/s Avg:     0 Min:     0 Max:    29 Err:     0 (0.00%)
2026-03-27 00:01:21,398 INFO c.b.j.t.c.ConcurrencyThreadStarter: Done supplying threads
2026-03-27 00:01:21,435 INFO o.a.j.t.JMeterThread: Thread is done: Concurrency Thread Group - Kafka Load-ThreadStarter 1-2
2026-03-27 00:01:21,435 INFO o.a.j.t.JMeterThread: Thread is done: Concurrency Thread Group - Kafka Load-ThreadStarter 1-10
2026-03-27 00:01:21,435 INFO o.a.j.t.JMeterThread: Thread is done: Concurrency Thread Group - Kafka Load-ThreadStarter 1-3
2026-03-27 00:01:21,435 INFO o.a.j.t.JMeterThread: Thread finished: Concurrency Thread Group - Kafka Load-ThreadStarter 1-10
2026-03-27 00:01:21,435 INFO o.a.j.t.JMeterThread: Thread finished: Concurrency Thread Group - Kafka Load-ThreadStarter 1-2
2026-03-27 00:01:21,435 INFO o.a.j.t.JMeterThread: Thread finished: Concurrency Thread Group - Kafka Load-ThreadStarter 1-3
2026-03-27 00:01:21,650 INFO o.a.j.t.JMeterThread: Thread is done: Concurrency Thread Group - Kafka Load-ThreadStarter 1-9
2026-03-27 00:01:21,650 INFO o.a.j.t.JMeterThread: Thread finished: Concurrency Thread Group - Kafka Load-ThreadStarter 1-9
2026-03-27 00:01:21,650 INFO o.a.j.t.JMeterThread: Thread is done: Concurrency Thread Group - Kafka Load-ThreadStarter 1-4
2026-03-27 00:01:21,650 INFO o.a.j.t.JMeterThread: Thread is done: Concurrency Thread Group - Kafka Load-ThreadStarter 1-14
2026-03-27 00:01:21,650 INFO o.a.j.t.JMeterThread: Thread finished: Concurrency Thread Group - Kafka Load-ThreadStarter 1-4
2026-03-27 00:01:21,650 INFO o.a.j.t.JMeterThread: Thread finished: Concurrency Thread Group - Kafka Load-ThreadStarter 1-14
2026-03-27 00:01:21,935 INFO o.a.j.t.JMeterThread: Thread is done: Concurrency Thread Group - Kafka Load-ThreadStarter 1-17
2026-03-27 00:01:21,935 INFO o.a.j.t.JMeterThread: Thread finished: Concurrency Thread Group - Kafka Load-ThreadStarter 1-17
2026-03-27 00:01:21,935 INFO o.a.j.t.JMeterThread: Thread is done: Concurrency Thread Group - Kafka Load-ThreadStarter 1-8
2026-03-27 00:01:21,935 INFO o.a.j.t.JMeterThread: Thread is done: Concurrency Thread Group - Kafka Load-ThreadStarter 1-15
2026-03-27 00:01:21,935 INFO o.a.j.t.JMeterThread: Thread is done: Concurrency Thread Group - Kafka Load-ThreadStarter 1-7
2026-03-27 00:01:21,935 INFO o.a.j.t.JMeterThread: Thread finished: Concurrency Thread Group - Kafka Load-ThreadStarter 1-8
2026-03-27 00:01:21,935 INFO o.a.j.t.JMeterThread: Thread finished: Concurrency Thread Group - Kafka Load-ThreadStarter 1-15
2026-03-27 00:01:21,935 INFO o.a.j.t.JMeterThread: Thread finished: Concurrency Thread Group - Kafka Load-ThreadStarter 1-7
2026-03-27 00:01:22,221 INFO k.a.j.t.VariableThroughputTimer: No further RPS schedule, asking threads to stop...
2026-03-27 00:01:22,222 INFO k.a.j.t.VariableThroughputTimer: Stopping gracefuly threads of Thread Group : Concurrency Thread Group - Kafka Load
2026-03-27 00:01:22,222 ERROR c.d.j.k.s.KafkaProducerSampler: Exception occurred while sending message to Kafka
java.lang.InterruptedException: null
	at java.base/java.util.concurrent.locks.AbstractQueuedSynchronizer.acquireSharedInterruptibly(AbstractQueuedSynchronizer.java:1048) ~[?:?]
	at java.base/java.util.concurrent.CountDownLatch.await(CountDownLatch.java:230) ~[?:?]
	at org.apache.kafka.clients.producer.internals.ProduceRequestResult.await(ProduceRequestResult.java:76) ~[kafka-clients-3.5.0.jar:?]
	at org.apache.kafka.clients.producer.internals.FutureRecordMetadata.get(FutureRecordMetadata.java:62) ~[kafka-clients-3.5.0.jar:?]
	at org.apache.kafka.clients.producer.internals.FutureRecordMetadata.get(FutureRecordMetadata.java:30) ~[kafka-clients-3.5.0.jar:?]
	at com.di.jmeter.kafka.sampler.KafkaProducerSampler.sample(KafkaProducerSampler.java:80) [di-kafkameter-1.3.jar:?]
	at org.apache.jmeter.threads.JMeterThread.doSampling(JMeterThread.java:651) [ApacheJMeter_core.jar:5.6.3]
	at org.apache.jmeter.threads.JMeterThread.executeSamplePackage(JMeterThread.java:570) [ApacheJMeter_core.jar:5.6.3]
	at org.apache.jmeter.threads.JMeterThread.processSampler(JMeterThread.java:501) [ApacheJMeter_core.jar:5.6.3]
	at org.apache.jmeter.threads.JMeterThread.run(JMeterThread.java:268) [ApacheJMeter_core.jar:5.6.3]
	at java.base/java.lang.Thread.run(Thread.java:840) [?:?]
2026-03-27 00:01:22,222 ERROR c.d.j.k.s.KafkaProducerSampler: Exception occurred while sending message to Kafka
java.lang.InterruptedException: null
	at java.base/java.util.concurrent.locks.AbstractQueuedSynchronizer.acquireSharedInterruptibly(AbstractQueuedSynchronizer.java:1048) ~[?:?]
	at java.base/java.util.concurrent.CountDownLatch.await(CountDownLatch.java:230) ~[?:?]
	at org.apache.kafka.clients.producer.internals.ProduceRequestResult.await(ProduceRequestResult.java:76) ~[kafka-clients-3.5.0.jar:?]
	at org.apache.kafka.clients.producer.internals.FutureRecordMetadata.get(FutureRecordMetadata.java:62) ~[kafka-clients-3.5.0.jar:?]
	at org.apache.kafka.clients.producer.internals.FutureRecordMetadata.get(FutureRecordMetadata.java:30) ~[kafka-clients-3.5.0.jar:?]
	at com.di.jmeter.kafka.sampler.KafkaProducerSampler.sample(KafkaProducerSampler.java:80) [di-kafkameter-1.3.jar:?]
	at org.apache.jmeter.threads.JMeterThread.doSampling(JMeterThread.java:651) [ApacheJMeter_core.jar:5.6.3]
	at org.apache.jmeter.threads.JMeterThread.executeSamplePackage(JMeterThread.java:570) [ApacheJMeter_core.jar:5.6.3]
	at org.apache.jmeter.threads.JMeterThread.processSampler(JMeterThread.java:501) [ApacheJMeter_core.jar:5.6.3]
	at org.apache.jmeter.threads.JMeterThread.run(JMeterThread.java:268) [ApacheJMeter_core.jar:5.6.3]
	at java.base/java.lang.Thread.run(Thread.java:840) [?:?]
2026-03-27 00:01:22,222 ERROR c.d.j.k.s.KafkaProducerSampler: Exception occurred while sending message to Kafka
java.lang.InterruptedException: null
	at java.base/java.util.concurrent.locks.AbstractQueuedSynchronizer.acquireSharedInterruptibly(AbstractQueuedSynchronizer.java:1048) ~[?:?]
	at java.base/java.util.concurrent.CountDownLatch.await(CountDownLatch.java:230) ~[?:?]
	at org.apache.kafka.clients.producer.internals.ProduceRequestResult.await(ProduceRequestResult.java:76) ~[kafka-clients-3.5.0.jar:?]
	at org.apache.kafka.clients.producer.internals.FutureRecordMetadata.get(FutureRecordMetadata.java:62) ~[kafka-clients-3.5.0.jar:?]
	at org.apache.kafka.clients.producer.internals.FutureRecordMetadata.get(FutureRecordMetadata.java:30) ~[kafka-clients-3.5.0.jar:?]
	at com.di.jmeter.kafka.sampler.KafkaProducerSampler.sample(KafkaProducerSampler.java:80) [di-kafkameter-1.3.jar:?]
	at org.apache.jmeter.threads.JMeterThread.doSampling(JMeterThread.java:651) [ApacheJMeter_core.jar:5.6.3]
	at org.apache.jmeter.threads.JMeterThread.executeSamplePackage(JMeterThread.java:570) [ApacheJMeter_core.jar:5.6.3]
	at org.apache.jmeter.threads.JMeterThread.processSampler(JMeterThread.java:501) [ApacheJMeter_core.jar:5.6.3]
	at org.apache.jmeter.threads.JMeterThread.run(JMeterThread.java:268) [ApacheJMeter_core.jar:5.6.3]
	at java.base/java.lang.Thread.run(Thread.java:840) [?:?]
2026-03-27 00:01:22,222 ERROR c.d.j.k.s.KafkaProducerSampler: Exception occurred while sending message to Kafka
java.lang.InterruptedException: null
	at java.base/java.util.concurrent.locks.AbstractQueuedSynchronizer.acquireSharedInterruptibly(AbstractQueuedSynchronizer.java:1048) ~[?:?]
	at java.base/java.util.concurrent.CountDownLatch.await(CountDownLatch.java:230) ~[?:?]
	at org.apache.kafka.clients.producer.internals.ProduceRequestResult.await(ProduceRequestResult.java:76) ~[kafka-clients-3.5.0.jar:?]
	at org.apache.kafka.clients.producer.internals.FutureRecordMetadata.get(FutureRecordMetadata.java:62) ~[kafka-clients-3.5.0.jar:?]
	at org.apache.kafka.clients.producer.internals.FutureRecordMetadata.get(FutureRecordMetadata.java:30) ~[kafka-clients-3.5.0.jar:?]
	at com.di.jmeter.kafka.sampler.KafkaProducerSampler.sample(KafkaProducerSampler.java:80) [di-kafkameter-1.3.jar:?]
	at org.apache.jmeter.threads.JMeterThread.doSampling(JMeterThread.java:651) [ApacheJMeter_core.jar:5.6.3]
	at org.apache.jmeter.threads.JMeterThread.executeSamplePackage(JMeterThread.java:570) [ApacheJMeter_core.jar:5.6.3]
	at org.apache.jmeter.threads.JMeterThread.processSampler(JMeterThread.java:501) [ApacheJMeter_core.jar:5.6.3]
	at org.apache.jmeter.threads.JMeterThread.run(JMeterThread.java:268) [ApacheJMeter_core.jar:5.6.3]
	at java.base/java.lang.Thread.run(Thread.java:840) [?:?]
2026-03-27 00:01:22,227 INFO o.a.j.t.JMeterThread: Thread is done: Concurrency Thread Group - Kafka Load-ThreadStarter 1-16
2026-03-27 00:01:22,227 INFO o.a.j.t.JMeterThread: Thread is done: Concurrency Thread Group - Kafka Load-ThreadStarter 1-6
2026-03-27 00:01:22,227 INFO o.a.j.t.JMeterThread: Thread is done: Concurrency Thread Group - Kafka Load-ThreadStarter 1-11
2026-03-27 00:01:22,227 INFO o.a.j.t.JMeterThread: Thread is done: Concurrency Thread Group - Kafka Load-ThreadStarter 1-12
2026-03-27 00:01:22,227 INFO o.a.j.t.JMeterThread: Thread finished: Concurrency Thread Group - Kafka Load-ThreadStarter 1-16
2026-03-27 00:01:22,227 INFO o.a.j.t.JMeterThread: Thread finished: Concurrency Thread Group - Kafka Load-ThreadStarter 1-12
2026-03-27 00:01:22,227 INFO o.a.j.t.JMeterThread: Thread finished: Concurrency Thread Group - Kafka Load-ThreadStarter 1-6
2026-03-27 00:01:22,227 INFO o.a.j.t.JMeterThread: Thread finished: Concurrency Thread Group - Kafka Load-ThreadStarter 1-11
2026-03-27 00:01:22,228 INFO o.a.j.e.StandardJMeterEngine: Notifying test listeners of end of test
2026-03-27 00:01:22,228 INFO o.a.k.c.p.KafkaProducer: [Producer clientId=] Closing the Kafka producer with timeoutMillis = 9223372036854775807 ms.
2026-03-27 00:01:22,232 INFO o.a.k.c.m.Metrics: Metrics scheduler closed
2026-03-27 00:01:22,232 INFO o.a.k.c.m.Metrics: Closing reporter org.apache.kafka.common.metrics.JmxReporter
2026-03-27 00:01:22,232 INFO o.a.k.c.m.Metrics: Metrics reporters closed
2026-03-27 00:01:22,232 INFO o.a.k.c.u.AppInfoParser: App info kafka.producer for  unregistered
2026-03-27 00:01:22,232 INFO c.d.j.k.c.KafkaProducerConfig: Kafka Producer client connection terminated
2026-03-27 00:01:22,234 INFO o.a.j.v.b.BackendListener: Worker ended
2026-03-27 00:01:22,235 INFO o.a.j.v.b.i.InfluxdbBackendListenerClient: Sending last metrics to InfluxDB
2026-03-27 00:01:22,235 INFO o.a.j.v.b.i.HttpMetricsSender: Destroying 
2026-03-27 00:01:22,246 INFO o.a.j.r.Summariser: summary +    289 in 00:00:22 =   13.2/s Avg:     0 Min:     0 Max:     6 Err:     4 (1.38%) Active: 6 Started: 20 Finished: 14
2026-03-27 00:01:22,246 INFO o.a.j.r.Summariser: summary =  10556 in 00:20:01 =    8.8/s Avg:     0 Min:     0 Max:    29 Err:     4 (0.04%)
2026-03-27 00:01:22,246 INFO o.a.j.JMeter: Generating Dashboard
2026-03-27 00:01:22,246 INFO o.a.j.r.d.ReportGenerator: Flushing result collector before report Generation
2026-03-27 00:01:22,252 INFO o.a.j.r.p.NormalizerSampleConsumer: Using format, 'ms', to parse timeStamp field
2026-03-27 00:01:22,286 ERROR c.d.j.k.s.KafkaProducerSampler: Exception occurred while sending message to Kafka
java.lang.IllegalStateException: Cannot perform operation after producer has been closed
	at org.apache.kafka.clients.producer.KafkaProducer.throwIfProducerClosed(KafkaProducer.java:969) ~[kafka-clients-3.5.0.jar:?]
	at org.apache.kafka.clients.producer.KafkaProducer.doSend(KafkaProducer.java:991) ~[kafka-clients-3.5.0.jar:?]
	at org.apache.kafka.clients.producer.KafkaProducer.send(KafkaProducer.java:962) ~[kafka-clients-3.5.0.jar:?]
	at org.apache.kafka.clients.producer.KafkaProducer.send(KafkaProducer.java:847) ~[kafka-clients-3.5.0.jar:?]
	at com.di.jmeter.kafka.sampler.KafkaProducerSampler.sample(KafkaProducerSampler.java:79) [di-kafkameter-1.3.jar:?]
	at org.apache.jmeter.threads.JMeterThread.doSampling(JMeterThread.java:651) [ApacheJMeter_core.jar:5.6.3]
	at org.apache.jmeter.threads.JMeterThread.executeSamplePackage(JMeterThread.java:570) [ApacheJMeter_core.jar:5.6.3]
	at org.apache.jmeter.threads.JMeterThread.processSampler(JMeterThread.java:501) [ApacheJMeter_core.jar:5.6.3]
	at org.apache.jmeter.threads.JMeterThread.run(JMeterThread.java:268) [ApacheJMeter_core.jar:5.6.3]
	at java.base/java.lang.Thread.run(Thread.java:840) [?:?]
2026-03-27 00:01:22,286 INFO o.a.j.t.JMeterThread: Thread is done: Concurrency Thread Group - Kafka Load-ThreadStarter 1-13
2026-03-27 00:01:22,286 INFO o.a.j.t.JMeterThread: Thread finished: Concurrency Thread Group - Kafka Load-ThreadStarter 1-13
2026-03-27 00:01:22,358 ERROR c.d.j.k.s.KafkaProducerSampler: Exception occurred while sending message to Kafka
java.lang.IllegalStateException: Cannot perform operation after producer has been closed
	at org.apache.kafka.clients.producer.KafkaProducer.throwIfProducerClosed(KafkaProducer.java:969) ~[kafka-clients-3.5.0.jar:?]
	at org.apache.kafka.clients.producer.KafkaProducer.doSend(KafkaProducer.java:991) ~[kafka-clients-3.5.0.jar:?]
	at org.apache.kafka.clients.producer.KafkaProducer.send(KafkaProducer.java:962) ~[kafka-clients-3.5.0.jar:?]
	at org.apache.kafka.clients.producer.KafkaProducer.send(KafkaProducer.java:847) ~[kafka-clients-3.5.0.jar:?]
	at com.di.jmeter.kafka.sampler.KafkaProducerSampler.sample(KafkaProducerSampler.java:79) [di-kafkameter-1.3.jar:?]
	at org.apache.jmeter.threads.JMeterThread.doSampling(JMeterThread.java:651) [ApacheJMeter_core.jar:5.6.3]
	at org.apache.jmeter.threads.JMeterThread.executeSamplePackage(JMeterThread.java:570) [ApacheJMeter_core.jar:5.6.3]
	at org.apache.jmeter.threads.JMeterThread.processSampler(JMeterThread.java:501) [ApacheJMeter_core.jar:5.6.3]
	at org.apache.jmeter.threads.JMeterThread.run(JMeterThread.java:268) [ApacheJMeter_core.jar:5.6.3]
	at java.base/java.lang.Thread.run(Thread.java:840) [?:?]
2026-03-27 00:01:22,358 INFO o.a.j.t.JMeterThread: Thread is done: Concurrency Thread Group - Kafka Load-ThreadStarter 1-1
2026-03-27 00:01:22,358 INFO o.a.j.t.JMeterThread: Thread finished: Concurrency Thread Group - Kafka Load-ThreadStarter 1-1
2026-03-27 00:01:22,429 ERROR c.d.j.k.s.KafkaProducerSampler: Exception occurred while sending message to Kafka
java.lang.IllegalStateException: Cannot perform operation after producer has been closed
	at org.apache.kafka.clients.producer.KafkaProducer.throwIfProducerClosed(KafkaProducer.java:969) ~[kafka-clients-3.5.0.jar:?]
	at org.apache.kafka.clients.producer.KafkaProducer.doSend(KafkaProducer.java:991) ~[kafka-clients-3.5.0.jar:?]
	at org.apache.kafka.clients.producer.KafkaProducer.send(KafkaProducer.java:962) ~[kafka-clients-3.5.0.jar:?]
	at org.apache.kafka.clients.producer.KafkaProducer.send(KafkaProducer.java:847) ~[kafka-clients-3.5.0.jar:?]
	at com.di.jmeter.kafka.sampler.KafkaProducerSampler.sample(KafkaProducerSampler.java:79) [di-kafkameter-1.3.jar:?]
	at org.apache.jmeter.threads.JMeterThread.doSampling(JMeterThread.java:651) [ApacheJMeter_core.jar:5.6.3]
	at org.apache.jmeter.threads.JMeterThread.executeSamplePackage(JMeterThread.java:570) [ApacheJMeter_core.jar:5.6.3]
	at org.apache.jmeter.threads.JMeterThread.processSampler(JMeterThread.java:501) [ApacheJMeter_core.jar:5.6.3]
	at org.apache.jmeter.threads.JMeterThread.run(JMeterThread.java:268) [ApacheJMeter_core.jar:5.6.3]
	at java.base/java.lang.Thread.run(Thread.java:840) [?:?]
2026-03-27 00:01:22,429 INFO o.a.j.t.JMeterThread: Thread is done: Concurrency Thread Group - Kafka Load-ThreadStarter 1-20
2026-03-27 00:01:22,429 INFO o.a.j.t.JMeterThread: Thread finished: Concurrency Thread Group - Kafka Load-ThreadStarter 1-20
2026-03-27 00:01:22,489 INFO o.a.j.r.p.AbstractSampleConsumer: class org.apache.jmeter.report.processor.AggregateConsumer#stopProducing(): beginDate produced 0 samples
2026-03-27 00:01:22,490 INFO o.a.j.r.p.AbstractSampleConsumer: class org.apache.jmeter.report.processor.AggregateConsumer#stopProducing(): endDate produced 0 samples
2026-03-27 00:01:22,491 INFO o.a.j.r.p.AbstractSampleConsumer: class org.apache.jmeter.report.processor.ApdexSummaryConsumer#stopProducing(): apdexSummary produced 0 samples
2026-03-27 00:01:22,491 INFO o.a.j.r.p.AbstractSampleConsumer: class org.apache.jmeter.report.processor.RequestsSummaryConsumer#stopProducing(): requestsSummary produced 0 samples
2026-03-27 00:01:22,491 INFO o.a.j.r.p.AbstractSampleConsumer: class org.apache.jmeter.report.processor.StatisticsSummaryConsumer#stopProducing(): statisticsSummary produced 0 samples
2026-03-27 00:01:22,493 INFO o.a.j.r.p.AbstractSampleConsumer: class org.apache.jmeter.report.processor.Top5ErrorsBySamplerConsumer#stopProducing(): top5ErrorsBySampler produced 0 samples
2026-03-27 00:01:22,493 INFO o.a.j.r.p.AbstractSampleConsumer: class org.apache.jmeter.report.processor.ErrorsSummaryConsumer#stopProducing(): errorsSummary produced 0 samples
2026-03-27 00:01:22,493 INFO o.a.j.r.p.AbstractSampleConsumer: class org.apache.jmeter.report.processor.graph.impl.HitsPerSecondGraphConsumer#stopProducing(): hitsPerSecond produced 0 samples
2026-03-27 00:01:22,500 ERROR c.d.j.k.s.KafkaProducerSampler: Exception occurred while sending message to Kafka
java.lang.IllegalStateException: Cannot perform operation after producer has been closed
	at org.apache.kafka.clients.producer.KafkaProducer.throwIfProducerClosed(KafkaProducer.java:969) ~[kafka-clients-3.5.0.jar:?]
	at org.apache.kafka.clients.producer.KafkaProducer.doSend(KafkaProducer.java:991) ~[kafka-clients-3.5.0.jar:?]
	at org.apache.kafka.clients.producer.KafkaProducer.send(KafkaProducer.java:962) ~[kafka-clients-3.5.0.jar:?]
	at org.apache.kafka.clients.producer.KafkaProducer.send(KafkaProducer.java:847) ~[kafka-clients-3.5.0.jar:?]
	at com.di.jmeter.kafka.sampler.KafkaProducerSampler.sample(KafkaProducerSampler.java:79) [di-kafkameter-1.3.jar:?]
	at org.apache.jmeter.threads.JMeterThread.doSampling(JMeterThread.java:651) [ApacheJMeter_core.jar:5.6.3]
	at org.apache.jmeter.threads.JMeterThread.executeSamplePackage(JMeterThread.java:570) [ApacheJMeter_core.jar:5.6.3]
	at org.apache.jmeter.threads.JMeterThread.processSampler(JMeterThread.java:501) [ApacheJMeter_core.jar:5.6.3]
	at org.apache.jmeter.threads.JMeterThread.run(JMeterThread.java:268) [ApacheJMeter_core.jar:5.6.3]
	at java.base/java.lang.Thread.run(Thread.java:840) [?:?]
2026-03-27 00:01:22,500 INFO o.a.j.t.JMeterThread: Thread is done: Concurrency Thread Group - Kafka Load-ThreadStarter 1-5
2026-03-27 00:01:22,500 INFO o.a.j.t.JMeterThread: Thread finished: Concurrency Thread Group - Kafka Load-ThreadStarter 1-5
2026-03-27 00:01:22,557 INFO o.a.j.r.p.AbstractSampleConsumer: class org.apache.jmeter.report.processor.graph.impl.LatencyVSRequestGraphConsumer#stopProducing(): latencyVsRequest produced 0 samples
2026-03-27 00:01:22,558 INFO o.a.j.r.p.AbstractSampleConsumer: class org.apache.jmeter.report.processor.graph.impl.SyntheticResponseTimeDistributionGraphConsumer#stopProducing(): syntheticResponseTimeDistribution produced 0 samples
2026-03-27 00:01:22,558 INFO o.a.j.r.p.AbstractSampleConsumer: class org.apache.jmeter.report.processor.graph.impl.BytesThroughputGraphConsumer#stopProducing(): bytesThroughputOverTime produced 0 samples
2026-03-27 00:01:22,558 INFO o.a.j.r.p.AbstractSampleConsumer: class org.apache.jmeter.report.processor.graph.impl.CodesPerSecondGraphConsumer#stopProducing(): codesPerSecond produced 0 samples
2026-03-27 00:01:22,572 ERROR c.d.j.k.s.KafkaProducerSampler: Exception occurred while sending message to Kafka
java.lang.IllegalStateException: Cannot perform operation after producer has been closed
	at org.apache.kafka.clients.producer.KafkaProducer.throwIfProducerClosed(KafkaProducer.java:969) ~[kafka-clients-3.5.0.jar:?]
	at org.apache.kafka.clients.producer.KafkaProducer.doSend(KafkaProducer.java:991) ~[kafka-clients-3.5.0.jar:?]
	at org.apache.kafka.clients.producer.KafkaProducer.send(KafkaProducer.java:962) ~[kafka-clients-3.5.0.jar:?]
	at org.apache.kafka.clients.producer.KafkaProducer.send(KafkaProducer.java:847) ~[kafka-clients-3.5.0.jar:?]
	at com.di.jmeter.kafka.sampler.KafkaProducerSampler.sample(KafkaProducerSampler.java:79) [di-kafkameter-1.3.jar:?]
	at org.apache.jmeter.threads.JMeterThread.doSampling(JMeterThread.java:651) [ApacheJMeter_core.jar:5.6.3]
	at org.apache.jmeter.threads.JMeterThread.executeSamplePackage(JMeterThread.java:570) [ApacheJMeter_core.jar:5.6.3]
	at org.apache.jmeter.threads.JMeterThread.processSampler(JMeterThread.java:501) [ApacheJMeter_core.jar:5.6.3]
	at org.apache.jmeter.threads.JMeterThread.run(JMeterThread.java:268) [ApacheJMeter_core.jar:5.6.3]
	at java.base/java.lang.Thread.run(Thread.java:840) [?:?]
2026-03-27 00:01:22,572 INFO o.a.j.t.JMeterThread: Thread is done: Concurrency Thread Group - Kafka Load-ThreadStarter 1-18
2026-03-27 00:01:22,572 INFO o.a.j.t.JMeterThread: Thread finished: Concurrency Thread Group - Kafka Load-ThreadStarter 1-18
2026-03-27 00:01:22,600 INFO o.a.j.r.p.AbstractSampleConsumer: class org.apache.jmeter.report.processor.graph.impl.ResponseTimeVSRequestGraphConsumer#stopProducing(): responseTimeVsRequest produced 0 samples
2026-03-27 00:01:22,601 INFO o.a.j.r.p.AbstractSampleConsumer: class org.apache.jmeter.report.processor.FilterConsumer#stopProducing(): startIntervalControlerFilter produced 73892 samples
2026-03-27 00:01:22,601 INFO o.a.j.r.p.AbstractSampleConsumer: class org.apache.jmeter.report.processor.graph.impl.TotalTPSGraphConsumer#stopProducing(): totalTPS produced 0 samples
2026-03-27 00:01:22,601 INFO o.a.j.r.p.AbstractSampleConsumer: class org.apache.jmeter.report.processor.graph.impl.ActiveThreadsGraphConsumer#stopProducing(): activeThreadsOverTime produced 0 samples
2026-03-27 00:01:22,601 INFO o.a.j.r.p.AbstractSampleConsumer: class org.apache.jmeter.report.processor.graph.impl.TimeVSThreadGraphConsumer#stopProducing(): timeVsThreads produced 0 samples
2026-03-27 00:01:22,601 INFO o.a.j.r.p.AbstractSampleConsumer: class org.apache.jmeter.report.processor.graph.impl.ResponseTimeDistributionGraphConsumer#stopProducing(): responseTimeDistribution produced 0 samples
2026-03-27 00:01:22,601 INFO o.a.j.r.p.AbstractSampleConsumer: class org.apache.jmeter.report.processor.graph.impl.TransactionsPerSecondGraphConsumer#stopProducing(): transactionsPerSecond produced 0 samples
2026-03-27 00:01:22,601 INFO o.a.j.r.p.AbstractSampleConsumer: class org.apache.jmeter.report.processor.graph.impl.ResponseTimePercentilesGraphConsumer#stopProducing(): responseTimePercentiles produced 0 samples
2026-03-27 00:01:22,601 INFO o.a.j.r.p.AbstractSampleConsumer: class org.apache.jmeter.report.processor.graph.impl.ResponseTimePercentilesOverTimeGraphConsumer#stopProducing(): responseTimePercentilesOverTime produced 0 samples
2026-03-27 00:01:22,602 INFO o.a.j.r.p.AbstractSampleConsumer: class org.apache.jmeter.report.processor.graph.impl.ResponseTimeOverTimeGraphConsumer#stopProducing(): responseTimesOverTime produced 0 samples
2026-03-27 00:01:22,602 INFO o.a.j.r.p.AbstractSampleConsumer: class org.apache.jmeter.report.processor.graph.impl.ConnectTimeOverTimeGraphConsumer#stopProducing(): connectTimeOverTime produced 0 samples
2026-03-27 00:01:22,602 INFO o.a.j.r.p.AbstractSampleConsumer: class org.apache.jmeter.report.processor.graph.impl.LatencyOverTimeGraphConsumer#stopProducing(): latenciesOverTime produced 0 samples
2026-03-27 00:01:22,602 INFO o.a.j.r.p.AbstractSampleConsumer: class org.apache.jmeter.report.processor.FilterConsumer#stopProducing(): nameFilter produced 158340 samples
2026-03-27 00:01:22,602 INFO o.a.j.r.p.AbstractSampleConsumer: class org.apache.jmeter.report.processor.FilterConsumer#stopProducing(): dateRangeFilter produced 31668 samples
2026-03-27 00:01:22,602 INFO o.a.j.r.p.AbstractSampleConsumer: class org.apache.jmeter.report.processor.NormalizerSampleConsumer#stopProducing(): normalizer produced 10556 samples
2026-03-27 00:01:22,603 INFO o.a.j.r.p.CsvFileSampleSource: produce(): 10556 samples produced in 337ms on channel 0
2026-03-27 00:01:22,603 INFO o.a.j.r.d.ReportGenerator: Exporting data using exporter:'json' of className:'org.apache.jmeter.report.dashboard.JsonExporter'
2026-03-27 00:01:22,643 ERROR c.d.j.k.s.KafkaProducerSampler: Exception occurred while sending message to Kafka
java.lang.IllegalStateException: Cannot perform operation after producer has been closed
	at org.apache.kafka.clients.producer.KafkaProducer.throwIfProducerClosed(KafkaProducer.java:969) ~[kafka-clients-3.5.0.jar:?]
	at org.apache.kafka.clients.producer.KafkaProducer.doSend(KafkaProducer.java:991) ~[kafka-clients-3.5.0.jar:?]
	at org.apache.kafka.clients.producer.KafkaProducer.send(KafkaProducer.java:962) ~[kafka-clients-3.5.0.jar:?]
	at org.apache.kafka.clients.producer.KafkaProducer.send(KafkaProducer.java:847) ~[kafka-clients-3.5.0.jar:?]
	at com.di.jmeter.kafka.sampler.KafkaProducerSampler.sample(KafkaProducerSampler.java:79) [di-kafkameter-1.3.jar:?]
	at org.apache.jmeter.threads.JMeterThread.doSampling(JMeterThread.java:651) [ApacheJMeter_core.jar:5.6.3]
	at org.apache.jmeter.threads.JMeterThread.executeSamplePackage(JMeterThread.java:570) [ApacheJMeter_core.jar:5.6.3]
	at org.apache.jmeter.threads.JMeterThread.processSampler(JMeterThread.java:501) [ApacheJMeter_core.jar:5.6.3]
	at org.apache.jmeter.threads.JMeterThread.run(JMeterThread.java:268) [ApacheJMeter_core.jar:5.6.3]
	at java.base/java.lang.Thread.run(Thread.java:840) [?:?]
2026-03-27 00:01:22,643 INFO o.a.j.t.JMeterThread: Thread is done: Concurrency Thread Group - Kafka Load-ThreadStarter 1-19
2026-03-27 00:01:22,643 INFO o.a.j.t.JMeterThread: Thread finished: Concurrency Thread Group - Kafka Load-ThreadStarter 1-19
2026-03-27 00:01:22,663 INFO o.a.j.r.d.JsonExporter: Found data for consumer statisticsSummary in context
2026-03-27 00:01:22,663 INFO o.a.j.r.d.JsonExporter: Creating statistics for overall
2026-03-27 00:01:22,663 INFO o.a.j.r.d.JsonExporter: Creating statistics for other transactions
2026-03-27 00:01:22,663 INFO o.a.j.r.d.JsonExporter: Checking output folder
2026-03-27 00:01:22,664 INFO o.a.j.r.d.JsonExporter: Writing statistics JSON to /home/dred/CursorProjects/issue_tz/report/statistics.json
2026-03-27 00:01:22,687 INFO o.a.j.r.d.ReportGenerator: Exporting data using exporter:'html' of className:'org.apache.jmeter.report.dashboard.HtmlTemplateExporter'
2026-03-27 00:01:22,689 INFO o.a.j.r.d.HtmlTemplateExporter: Will generate dashboard in folder: /home/dred/CursorProjects/issue_tz/report
2026-03-27 00:01:22,746 INFO o.a.j.r.d.HtmlTemplateExporter: Report will be generated in: /home/dred/CursorProjects/issue_tz/report, creating folder structure
2026-03-27 00:01:22,748 INFO o.a.j.r.d.TemplateVisitor: Copying folder from '/home/dred/apache-jmeter-5.6.3/bin/report-template' to '/home/dred/CursorProjects/issue_tz/report', got message: /home/dred/CursorProjects/issue_tz/report, found non empty folder with following content [/home/dred/CursorProjects/issue_tz/report/statistics.json], will be ignored
2026-03-27 00:01:22,900 INFO o.a.j.JMeter: Dashboard generated
